<?xml version="1.0" encoding="UTF-8"?>
<coverage generated="1512234767106" clover="3.2.0">
  <project timestamp="1512234767107" name="All files">
    <metrics statements="79" coveredstatements="40" conditionals="25" coveredconditionals="12" methods="23" coveredmethods="5" elements="127" coveredelements="57" complexity="0" loc="79" ncloc="79" packages="3" files="4" classes="4">
      <package name="components.FormComponents">
        <metrics statements="5" coveredstatements="2" conditionals="4" coveredconditionals="0" methods="3" coveredmethods="0"/>
        <file name="Input.js" path="/home/amadev/Repos/testing-system/client/src/UserApp/components/FormComponents/Input.js">
          <metrics statements="2" coveredstatements="1" conditionals="2" coveredconditionals="0" methods="1" coveredmethods="0"/>
          <line num="3" count="1" type="stmt"/>
          <line num="8" count="0" type="stmt"/>
        </file>
        <file name="Select.js" path="/home/amadev/Repos/testing-system/client/src/UserApp/components/FormComponents/Select.js">
          <metrics statements="3" coveredstatements="1" conditionals="2" coveredconditionals="0" methods="2" coveredmethods="0"/>
          <line num="3" count="1" type="stmt"/>
          <line num="8" count="0" type="stmt"/>
          <line num="17" count="0" type="stmt"/>
        </file>
      </package>
      <package name="components.Test">
        <metrics statements="13" coveredstatements="5" conditionals="3" coveredconditionals="0" methods="5" coveredmethods="0"/>
        <file name="index.js" path="/home/amadev/Repos/testing-system/client/src/UserApp/components/Test/index.js">
          <metrics statements="13" coveredstatements="5" conditionals="3" coveredconditionals="0" methods="5" coveredmethods="0"/>
          <line num="7" count="1" type="stmt"/>
          <line num="13" count="1" type="stmt"/>
          <line num="18" count="1" type="stmt"/>
          <line num="19" count="1" type="stmt"/>
          <line num="20" count="0" type="stmt"/>
          <line num="23" count="1" type="stmt"/>
          <line num="28" count="0" type="stmt"/>
          <line num="29" count="0" type="stmt"/>
          <line num="30" count="0" type="stmt"/>
          <line num="31" count="0" type="stmt"/>
          <line num="44" count="0" type="stmt"/>
          <line num="59" count="0" type="stmt"/>
          <line num="60" count="0" type="stmt"/>
        </file>
      </package>
      <package name="containers.TestPage">
        <metrics statements="61" coveredstatements="33" conditionals="18" coveredconditionals="12" methods="15" coveredmethods="5"/>
        <file name="index.js" path="/home/amadev/Repos/testing-system/client/src/UserApp/containers/TestPage/index.js">
          <metrics statements="61" coveredstatements="33" conditionals="18" coveredconditionals="12" methods="15" coveredmethods="5"/>
          <line num="5" count="1" type="stmt"/>
          <line num="12" count="1" type="stmt"/>
          <line num="13" count="3" type="stmt"/>
          <line num="14" count="3" type="stmt"/>
          <line num="15" count="5" type="stmt"/>
          <line num="16" count="5" type="cond" truecount="2" falsecount="0"/>
          <line num="17" count="5" type="cond" truecount="2" falsecount="0"/>
          <line num="19" count="5" type="cond" truecount="2" falsecount="0"/>
          <line num="20" count="1" type="stmt"/>
          <line num="21" count="1" type="stmt"/>
          <line num="22" count="1" type="stmt"/>
          <line num="23" count="2" type="stmt"/>
          <line num="24" count="2" type="stmt"/>
          <line num="25" count="2" type="stmt"/>
          <line num="26" count="2" type="stmt"/>
          <line num="27" count="3" type="cond" truecount="1" falsecount="1"/>
          <line num="28" count="0" type="stmt"/>
          <line num="30" count="3" type="stmt"/>
          <line num="33" count="2" type="stmt"/>
          <line num="43" count="1" type="stmt"/>
          <line num="44" count="0" type="stmt"/>
          <line num="45" count="0" type="stmt"/>
          <line num="48" count="1" type="stmt"/>
          <line num="50" count="5" type="stmt"/>
          <line num="52" count="3" type="stmt"/>
          <line num="55" count="1" type="stmt"/>
          <line num="56" count="3" type="cond" truecount="2" falsecount="0"/>
          <line num="57" count="1" type="cond" truecount="1" falsecount="1"/>
          <line num="58" count="0" type="stmt"/>
          <line num="61" count="2" type="stmt"/>
          <line num="65" count="1" type="stmt"/>
          <line num="73" count="2" type="stmt"/>
          <line num="74" count="0" type="stmt"/>
          <line num="75" count="0" type="stmt"/>
          <line num="76" count="0" type="stmt"/>
          <line num="78" count="0" type="stmt"/>
          <line num="79" count="0" type="stmt"/>
          <line num="82" count="2" type="cond" truecount="2" falsecount="0"/>
          <line num="83" count="1" type="stmt"/>
          <line num="85" count="1" type="stmt"/>
          <line num="89" count="1" type="stmt"/>
          <line num="95" count="0" type="stmt"/>
          <line num="96" count="0" type="stmt"/>
          <line num="97" count="0" type="stmt"/>
          <line num="98" count="0" type="stmt"/>
          <line num="102" count="0" type="stmt"/>
          <line num="103" count="0" type="cond" truecount="0" falsecount="2"/>
          <line num="104" count="0" type="stmt"/>
          <line num="105" count="0" type="stmt"/>
          <line num="111" count="1" type="stmt"/>
          <line num="112" count="0" type="stmt"/>
          <line num="113" count="0" type="stmt"/>
          <line num="114" count="0" type="stmt"/>
          <line num="118" count="0" type="stmt"/>
          <line num="123" count="0" type="stmt"/>
          <line num="124" count="0" type="stmt"/>
          <line num="125" count="0" type="stmt"/>
          <line num="126" count="0" type="stmt"/>
          <line num="127" count="0" type="stmt"/>
          <line num="131" count="0" type="stmt"/>
          <line num="135" count="0" type="stmt"/>
        </file>
      </package>
    </metrics>
  </project>
</coverage>
