{"/home/amadev/Repos/testing-system/client/src/UserApp/components/FormComponents/Input.js": {"path":"/home/amadev/Repos/testing-system/client/src/UserApp/components/FormComponents/Input.js","statementMap":{"0":{"start":{"line":3,"column":14},"end":{"line":20,"column":1}},"1":{"start":{"line":8,"column":2},"end":{"line":19,"column":8}}},"fnMap":{"0":{"name":"(anonymous_0)","decl":{"start":{"line":3,"column":14},"end":{"line":3,"column":15}},"loc":{"start":{"line":8,"column":2},"end":{"line":19,"column":8}},"line":8}},"branchMap":{"0":{"loc":{"start":{"line":18,"column":61},"end":{"line":18,"column":105}},"type":"binary-expr","locations":[{"start":{"line":18,"column":61},"end":{"line":18,"column":78}},{"start":{"line":18,"column":82},"end":{"line":18,"column":105}}],"line":18}},"s":{"0":1,"1":0},"f":{"0":0},"b":{"0":[0,0]},"_coverageSchema":"332fd63041d2c1bcb487cc26dd0d5f7d97098a6c","hash":"77a7cf59c8a84f9eeae7e44487b6aabe61698f41"}
,"/home/amadev/Repos/testing-system/client/src/UserApp/components/FormComponents/Select.js": {"path":"/home/amadev/Repos/testing-system/client/src/UserApp/components/FormComponents/Select.js","statementMap":{"0":{"start":{"line":3,"column":15},"end":{"line":32,"column":1}},"1":{"start":{"line":8,"column":2},"end":{"line":31,"column":8}},"2":{"start":{"line":17,"column":10},"end":{"line":24,"column":12}}},"fnMap":{"0":{"name":"(anonymous_0)","decl":{"start":{"line":3,"column":15},"end":{"line":3,"column":16}},"loc":{"start":{"line":8,"column":2},"end":{"line":31,"column":8}},"line":8},"1":{"name":"(anonymous_1)","decl":{"start":{"line":16,"column":32},"end":{"line":16,"column":33}},"loc":{"start":{"line":16,"column":42},"end":{"line":25,"column":9}},"line":16}},"branchMap":{"0":{"loc":{"start":{"line":29,"column":33},"end":{"line":29,"column":77}},"type":"binary-expr","locations":[{"start":{"line":29,"column":33},"end":{"line":29,"column":50}},{"start":{"line":29,"column":54},"end":{"line":29,"column":77}}],"line":29}},"s":{"0":1,"1":0,"2":0},"f":{"0":0,"1":0},"b":{"0":[0,0]},"_coverageSchema":"332fd63041d2c1bcb487cc26dd0d5f7d97098a6c","hash":"78be81f0134d9b0fd5704f576e4509c8828227f3"}
,"/home/amadev/Repos/testing-system/client/src/UserApp/components/Test/index.js": {"path":"/home/amadev/Repos/testing-system/client/src/UserApp/components/Test/index.js","statementMap":{"0":{"start":{"line":7,"column":13},"end":{"line":11,"column":1}},"1":{"start":{"line":13,"column":16},"end":{"line":16,"column":1}},"2":{"start":{"line":18,"column":21},"end":{"line":18,"column":37}},"3":{"start":{"line":19,"column":31},"end":{"line":21,"column":1}},"4":{"start":{"line":20,"column":2},"end":{"line":20,"column":37}},"5":{"start":{"line":23,"column":16},"end":{"line":50,"column":1}},"6":{"start":{"line":28,"column":2},"end":{"line":49,"column":5}},"7":{"start":{"line":29,"column":21},"end":{"line":29,"column":60}},"8":{"start":{"line":30,"column":22},"end":{"line":30,"column":32}},"9":{"start":{"line":31,"column":4},"end":{"line":48,"column":6}},"10":{"start":{"line":44,"column":29},"end":{"line":44,"column":80}},"11":{"start":{"line":59,"column":8},"end":{"line":59,"column":18}},"12":{"start":{"line":60,"column":4},"end":{"line":74,"column":6}}},"fnMap":{"0":{"name":"(anonymous_0)","decl":{"start":{"line":19,"column":31},"end":{"line":19,"column":32}},"loc":{"start":{"line":19,"column":46},"end":{"line":21,"column":1}},"line":19},"1":{"name":"(anonymous_1)","decl":{"start":{"line":23,"column":16},"end":{"line":23,"column":17}},"loc":{"start":{"line":27,"column":5},"end":{"line":50,"column":1}},"line":27},"2":{"name":"(anonymous_2)","decl":{"start":{"line":28,"column":20},"end":{"line":28,"column":21}},"loc":{"start":{"line":28,"column":31},"end":{"line":49,"column":3}},"line":28},"3":{"name":"(anonymous_3)","decl":{"start":{"line":44,"column":22},"end":{"line":44,"column":23}},"loc":{"start":{"line":44,"column":29},"end":{"line":44,"column":80}},"line":44},"4":{"name":"(anonymous_4)","decl":{"start":{"line":54,"column":2},"end":{"line":54,"column":3}},"loc":{"start":{"line":54,"column":11},"end":{"line":75,"column":3}},"line":54}},"branchMap":{"0":{"loc":{"start":{"line":25,"column":2},"end":{"line":25,"column":13}},"type":"default-arg","locations":[{"start":{"line":25,"column":11},"end":{"line":25,"column":13}}],"line":25},"1":{"loc":{"start":{"line":40,"column":10},"end":{"line":45,"column":12}},"type":"binary-expr","locations":[{"start":{"line":40,"column":10},"end":{"line":40,"column":48}},{"start":{"line":41,"column":10},"end":{"line":45,"column":12}}],"line":40}},"s":{"0":1,"1":1,"2":1,"3":1,"4":0,"5":1,"6":0,"7":0,"8":0,"9":0,"10":0,"11":0,"12":0},"f":{"0":0,"1":0,"2":0,"3":0,"4":0},"b":{"0":[0],"1":[0,0]},"_coverageSchema":"332fd63041d2c1bcb487cc26dd0d5f7d97098a6c","hash":"fdc7e3de8fa35eb777d7f5ef49919468a27cd08f"}
,"/home/amadev/Repos/testing-system/client/src/UserApp/containers/TestPage/index.js": {"path":"/home/amadev/Repos/testing-system/client/src/UserApp/containers/TestPage/index.js","statementMap":{"0":{"start":{"line":5,"column":15},"end":{"line":5,"column":27}},"1":{"start":{"line":12,"column":32},"end":{"line":53,"column":1}},"2":{"start":{"line":13,"column":23},"end":{"line":13,"column":25}},"3":{"start":{"line":14,"column":2},"end":{"line":51,"column":3}},"4":{"start":{"line":15,"column":22},"end":{"line":15,"column":32}},"5":{"start":{"line":16,"column":24},"end":{"line":16,"column":53}},"6":{"start":{"line":17,"column":31},"end":{"line":17,"column":81}},"7":{"start":{"line":19,"column":4},"end":{"line":49,"column":5}},"8":{"start":{"line":20,"column":25},"end":{"line":20,"column":36}},"9":{"start":{"line":21,"column":30},"end":{"line":21,"column":53}},"10":{"start":{"line":22,"column":6},"end":{"line":41,"column":9}},"11":{"start":{"line":23,"column":26},"end":{"line":23,"column":46}},"12":{"start":{"line":24,"column":21},"end":{"line":24,"column":44}},"13":{"start":{"line":25,"column":24},"end":{"line":25,"column":40}},"14":{"start":{"line":26,"column":8},"end":{"line":31,"column":11}},"15":{"start":{"line":27,"column":10},"end":{"line":29,"column":11}},"16":{"start":{"line":28,"column":12},"end":{"line":28,"column":42}},"17":{"start":{"line":30,"column":10},"end":{"line":30,"column":72}},"18":{"start":{"line":33,"column":8},"end":{"line":40,"column":10}},"19":{"start":{"line":43,"column":21},"end":{"line":47,"column":7}},"20":{"start":{"line":44,"column":8},"end":{"line":46,"column":9}},"21":{"start":{"line":45,"column":10},"end":{"line":45,"column":27}},"22":{"start":{"line":48,"column":6},"end":{"line":48,"column":34}},"23":{"start":{"line":50,"column":4},"end":{"line":50,"column":42}},"24":{"start":{"line":52,"column":2},"end":{"line":52,"column":22}},"25":{"start":{"line":55,"column":33},"end":{"line":63,"column":1}},"26":{"start":{"line":56,"column":2},"end":{"line":62,"column":3}},"27":{"start":{"line":57,"column":4},"end":{"line":59,"column":5}},"28":{"start":{"line":58,"column":6},"end":{"line":58,"column":45}},"29":{"start":{"line":61,"column":4},"end":{"line":61,"column":41}},"30":{"start":{"line":65,"column":26},"end":{"line":87,"column":1}},"31":{"start":{"line":73,"column":25},"end":{"line":80,"column":3}},"32":{"start":{"line":74,"column":28},"end":{"line":74,"column":30}},"33":{"start":{"line":75,"column":4},"end":{"line":77,"column":7}},"34":{"start":{"line":76,"column":6},"end":{"line":76,"column":68}},"35":{"start":{"line":78,"column":25},"end":{"line":78,"column":61}},"36":{"start":{"line":79,"column":4},"end":{"line":79,"column":64}},"37":{"start":{"line":82,"column":2},"end":{"line":86,"column":3}},"38":{"start":{"line":83,"column":4},"end":{"line":83,"column":53}},"39":{"start":{"line":85,"column":4},"end":{"line":85,"column":51}},"40":{"start":{"line":89,"column":24},"end":{"line":109,"column":1}},"41":{"start":{"line":95,"column":2},"end":{"line":108,"column":5}},"42":{"start":{"line":96,"column":26},"end":{"line":96,"column":65}},"43":{"start":{"line":97,"column":4},"end":{"line":97,"column":40}},"44":{"start":{"line":98,"column":4},"end":{"line":100,"column":6}},"45":{"start":{"line":102,"column":29},"end":{"line":102,"column":72}},"46":{"start":{"line":103,"column":4},"end":{"line":107,"column":5}},"47":{"start":{"line":104,"column":6},"end":{"line":106,"column":7}},"48":{"start":{"line":105,"column":8},"end":{"line":105,"column":54}},"49":{"start":{"line":111,"column":31},"end":{"line":119,"column":1}},"50":{"start":{"line":112,"column":30},"end":{"line":112,"column":32}},"51":{"start":{"line":113,"column":2},"end":{"line":117,"column":3}},"52":{"start":{"line":114,"column":4},"end":{"line":116,"column":6}},"53":{"start":{"line":118,"column":2},"end":{"line":118,"column":29}},"54":{"start":{"line":123,"column":4},"end":{"line":123,"column":17}},"55":{"start":{"line":124,"column":27},"end":{"line":124,"column":37}},"56":{"start":{"line":125,"column":4},"end":{"line":125,"column":52}},"57":{"start":{"line":126,"column":4},"end":{"line":126,"column":59}},"58":{"start":{"line":127,"column":4},"end":{"line":127,"column":59}},"59":{"start":{"line":131,"column":4},"end":{"line":131,"column":58}},"60":{"start":{"line":135,"column":4},"end":{"line":143,"column":6}}},"fnMap":{"0":{"name":"(anonymous_0)","decl":{"start":{"line":12,"column":32},"end":{"line":12,"column":33}},"loc":{"start":{"line":12,"column":53},"end":{"line":53,"column":1}},"line":12},"1":{"name":"(anonymous_1)","decl":{"start":{"line":22,"column":26},"end":{"line":22,"column":27}},"loc":{"start":{"line":22,"column":40},"end":{"line":41,"column":7}},"line":22},"2":{"name":"(anonymous_2)","decl":{"start":{"line":26,"column":20},"end":{"line":26,"column":21}},"loc":{"start":{"line":26,"column":36},"end":{"line":31,"column":9}},"line":26},"3":{"name":"(anonymous_3)","decl":{"start":{"line":43,"column":21},"end":{"line":43,"column":22}},"loc":{"start":{"line":43,"column":27},"end":{"line":47,"column":7}},"line":43},"4":{"name":"(anonymous_4)","decl":{"start":{"line":55,"column":33},"end":{"line":55,"column":34}},"loc":{"start":{"line":55,"column":60},"end":{"line":63,"column":1}},"line":55},"5":{"name":"(anonymous_5)","decl":{"start":{"line":65,"column":26},"end":{"line":65,"column":27}},"loc":{"start":{"line":72,"column":5},"end":{"line":87,"column":1}},"line":72},"6":{"name":"(anonymous_6)","decl":{"start":{"line":73,"column":25},"end":{"line":73,"column":26}},"loc":{"start":{"line":73,"column":31},"end":{"line":80,"column":3}},"line":73},"7":{"name":"(anonymous_7)","decl":{"start":{"line":75,"column":16},"end":{"line":75,"column":17}},"loc":{"start":{"line":75,"column":32},"end":{"line":77,"column":5}},"line":75},"8":{"name":"(anonymous_8)","decl":{"start":{"line":89,"column":24},"end":{"line":89,"column":25}},"loc":{"start":{"line":94,"column":5},"end":{"line":109,"column":1}},"line":94},"9":{"name":"(anonymous_9)","decl":{"start":{"line":95,"column":19},"end":{"line":95,"column":20}},"loc":{"start":{"line":95,"column":34},"end":{"line":101,"column":3}},"line":95},"10":{"name":"(anonymous_10)","decl":{"start":{"line":101,"column":5},"end":{"line":101,"column":6}},"loc":{"start":{"line":101,"column":11},"end":{"line":108,"column":3}},"line":101},"11":{"name":"(anonymous_11)","decl":{"start":{"line":111,"column":31},"end":{"line":111,"column":32}},"loc":{"start":{"line":111,"column":43},"end":{"line":119,"column":1}},"line":111},"12":{"name":"(anonymous_12)","decl":{"start":{"line":122,"column":2},"end":{"line":122,"column":3}},"loc":{"start":{"line":122,"column":21},"end":{"line":128,"column":3}},"line":122},"13":{"name":"(anonymous_13)","decl":{"start":{"line":130,"column":2},"end":{"line":130,"column":3}},"loc":{"start":{"line":130,"column":50},"end":{"line":132,"column":3}},"line":130},"14":{"name":"(anonymous_14)","decl":{"start":{"line":134,"column":2},"end":{"line":134,"column":3}},"loc":{"start":{"line":134,"column":11},"end":{"line":144,"column":3}},"line":134}},"branchMap":{"0":{"loc":{"start":{"line":16,"column":24},"end":{"line":16,"column":53}},"type":"binary-expr","locations":[{"start":{"line":16,"column":24},"end":{"line":16,"column":47}},{"start":{"line":16,"column":51},"end":{"line":16,"column":53}}],"line":16},"1":{"loc":{"start":{"line":17,"column":31},"end":{"line":17,"column":81}},"type":"binary-expr","locations":[{"start":{"line":17,"column":31},"end":{"line":17,"column":42}},{"start":{"line":17,"column":46},"end":{"line":17,"column":81}}],"line":17},"2":{"loc":{"start":{"line":19,"column":4},"end":{"line":49,"column":5}},"type":"if","locations":[{"start":{"line":19,"column":4},"end":{"line":49,"column":5}},{"start":{"line":19,"column":4},"end":{"line":49,"column":5}}],"line":19},"3":{"loc":{"start":{"line":27,"column":10},"end":{"line":29,"column":11}},"type":"if","locations":[{"start":{"line":27,"column":10},"end":{"line":29,"column":11}},{"start":{"line":27,"column":10},"end":{"line":29,"column":11}}],"line":27},"4":{"loc":{"start":{"line":56,"column":2},"end":{"line":62,"column":3}},"type":"if","locations":[{"start":{"line":56,"column":2},"end":{"line":62,"column":3}},{"start":{"line":56,"column":2},"end":{"line":62,"column":3}}],"line":56},"5":{"loc":{"start":{"line":57,"column":4},"end":{"line":59,"column":5}},"type":"if","locations":[{"start":{"line":57,"column":4},"end":{"line":59,"column":5}},{"start":{"line":57,"column":4},"end":{"line":59,"column":5}}],"line":57},"6":{"loc":{"start":{"line":82,"column":2},"end":{"line":86,"column":3}},"type":"if","locations":[{"start":{"line":82,"column":2},"end":{"line":86,"column":3}},{"start":{"line":82,"column":2},"end":{"line":86,"column":3}}],"line":82},"7":{"loc":{"start":{"line":103,"column":4},"end":{"line":107,"column":5}},"type":"if","locations":[{"start":{"line":103,"column":4},"end":{"line":107,"column":5}},{"start":{"line":103,"column":4},"end":{"line":107,"column":5}}],"line":103},"8":{"loc":{"start":{"line":115,"column":13},"end":{"line":115,"column":36}},"type":"binary-expr","locations":[{"start":{"line":115,"column":13},"end":{"line":115,"column":31}},{"start":{"line":115,"column":35},"end":{"line":115,"column":36}}],"line":115}},"s":{"0":1,"1":1,"2":3,"3":3,"4":5,"5":5,"6":5,"7":5,"8":1,"9":1,"10":1,"11":2,"12":2,"13":2,"14":2,"15":3,"16":0,"17":3,"18":2,"19":1,"20":0,"21":0,"22":1,"23":5,"24":3,"25":1,"26":3,"27":1,"28":0,"29":2,"30":1,"31":2,"32":0,"33":0,"34":0,"35":0,"36":0,"37":2,"38":1,"39":1,"40":1,"41":0,"42":0,"43":0,"44":0,"45":0,"46":0,"47":0,"48":0,"49":1,"50":0,"51":0,"52":0,"53":0,"54":0,"55":0,"56":0,"57":0,"58":0,"59":0,"60":0},"f":{"0":3,"1":2,"2":3,"3":0,"4":3,"5":2,"6":0,"7":0,"8":0,"9":0,"10":0,"11":0,"12":0,"13":0,"14":0},"b":{"0":[5,5],"1":[5,1],"2":[1,4],"3":[0,3],"4":[1,2],"5":[0,1],"6":[1,1],"7":[0,0],"8":[0,0]},"_coverageSchema":"332fd63041d2c1bcb487cc26dd0d5f7d97098a6c","hash":"85efddc0b7addb8f1c11fc5d9094c040505f0dbe"}
}
