TN:
SF:/home/amadev/Repos/testing-system/client/src/UserApp/components/FormComponents/Input.js
FN:3,(anonymous_0)
FNF:1
FNH:0
FNDA:0,(anonymous_0)
DA:3,1
DA:8,0
LF:2
LH:1
BRDA:18,0,0,0
BRDA:18,0,1,0
BRF:2
BRH:0
end_of_record
TN:
SF:/home/amadev/Repos/testing-system/client/src/UserApp/components/FormComponents/Select.js
FN:3,(anonymous_0)
FN:16,(anonymous_1)
FNF:2
FNH:0
FNDA:0,(anonymous_0)
FNDA:0,(anonymous_1)
DA:3,1
DA:8,0
DA:17,0
LF:3
LH:1
BRDA:29,0,0,0
BRDA:29,0,1,0
BRF:2
BRH:0
end_of_record
TN:
SF:/home/amadev/Repos/testing-system/client/src/UserApp/components/Test/index.js
FN:19,(anonymous_0)
FN:23,(anonymous_1)
FN:28,(anonymous_2)
FN:44,(anonymous_3)
FN:54,(anonymous_4)
FNF:5
FNH:0
FNDA:0,(anonymous_0)
FNDA:0,(anonymous_1)
FNDA:0,(anonymous_2)
FNDA:0,(anonymous_3)
FNDA:0,(anonymous_4)
DA:7,1
DA:13,1
DA:18,1
DA:19,1
DA:20,0
DA:23,1
DA:28,0
DA:29,0
DA:30,0
DA:31,0
DA:44,0
DA:59,0
DA:60,0
LF:13
LH:5
BRDA:25,0,0,0
BRDA:40,1,0,0
BRDA:40,1,1,0
BRF:3
BRH:0
end_of_record
TN:
SF:/home/amadev/Repos/testing-system/client/src/UserApp/containers/TestPage/index.js
FN:12,(anonymous_0)
FN:22,(anonymous_1)
FN:26,(anonymous_2)
FN:43,(anonymous_3)
FN:55,(anonymous_4)
FN:65,(anonymous_5)
FN:73,(anonymous_6)
FN:75,(anonymous_7)
FN:89,(anonymous_8)
FN:95,(anonymous_9)
FN:101,(anonymous_10)
FN:111,(anonymous_11)
FN:122,(anonymous_12)
FN:130,(anonymous_13)
FN:134,(anonymous_14)
FNF:15
FNH:5
FNDA:3,(anonymous_0)
FNDA:2,(anonymous_1)
FNDA:3,(anonymous_2)
FNDA:0,(anonymous_3)
FNDA:3,(anonymous_4)
FNDA:2,(anonymous_5)
FNDA:0,(anonymous_6)
FNDA:0,(anonymous_7)
FNDA:0,(anonymous_8)
FNDA:0,(anonymous_9)
FNDA:0,(anonymous_10)
FNDA:0,(anonymous_11)
FNDA:0,(anonymous_12)
FNDA:0,(anonymous_13)
FNDA:0,(anonymous_14)
DA:5,1
DA:12,1
DA:13,3
DA:14,3
DA:15,5
DA:16,5
DA:17,5
DA:19,5
DA:20,1
DA:21,1
DA:22,1
DA:23,2
DA:24,2
DA:25,2
DA:26,2
DA:27,3
DA:28,0
DA:30,3
DA:33,2
DA:43,1
DA:44,0
DA:45,0
DA:48,1
DA:50,5
DA:52,3
DA:55,1
DA:56,3
DA:57,1
DA:58,0
DA:61,2
DA:65,1
DA:73,2
DA:74,0
DA:75,0
DA:76,0
DA:78,0
DA:79,0
DA:82,2
DA:83,1
DA:85,1
DA:89,1
DA:95,0
DA:96,0
DA:97,0
DA:98,0
DA:102,0
DA:103,0
DA:104,0
DA:105,0
DA:111,1
DA:112,0
DA:113,0
DA:114,0
DA:118,0
DA:123,0
DA:124,0
DA:125,0
DA:126,0
DA:127,0
DA:131,0
DA:135,0
LF:61
LH:33
BRDA:16,0,0,5
BRDA:16,0,1,5
BRDA:17,1,0,5
BRDA:17,1,1,1
BRDA:19,2,0,1
BRDA:19,2,1,4
BRDA:27,3,0,0
BRDA:27,3,1,3
BRDA:56,4,0,1
BRDA:56,4,1,2
BRDA:57,5,0,0
BRDA:57,5,1,1
BRDA:82,6,0,1
BRDA:82,6,1,1
BRDA:103,7,0,0
BRDA:103,7,1,0
BRDA:115,8,0,0
BRDA:115,8,1,0
BRF:18
BRH:12
end_of_record
